<?xml version="1.0" encoding="UTF-8"?>
<testsuite xmlns:xsi="http://www.w3.org/2001/XMLSchema-instance" xsi:noNamespaceSchemaLocation="https://maven.apache.org/surefire/maven-surefire-plugin/xsd/surefire-test-report.xsd" name="com.wms.WmsApplicationTests" time="9.72" tests="1" errors="0" skipped="0" failures="0">
  <properties>
    <property name="sun.desktop" value="windows"/>
    <property name="awt.toolkit" value="sun.awt.windows.WToolkit"/>
    <property name="file.encoding.pkg" value="sun.io"/>
    <property name="java.specification.version" value="1.8"/>
    <property name="sun.cpu.isalist" value="amd64"/>
    <property name="sun.jnu.encoding" value="GBK"/>
    <property name="java.class.path" value="E:\Google\wms\wms-sb\target\test-classes;E:\Google\wms\wms-sb\target\classes;D:\ProgramFiles\soft\apache-maven-3.9.0\maven-repository\org\springframework\boot\spring-boot-starter-web\2.6.7\spring-boot-starter-web-2.6.7.jar;D:\ProgramFiles\soft\apache-maven-3.9.0\maven-repository\org\springframework\boot\spring-boot-starter\2.6.7\spring-boot-starter-2.6.7.jar;D:\ProgramFiles\soft\apache-maven-3.9.0\maven-repository\org\springframework\boot\spring-boot\2.6.7\spring-boot-2.6.7.jar;D:\ProgramFiles\soft\apache-maven-3.9.0\maven-repository\org\springframework\boot\spring-boot-starter-logging\2.6.7\spring-boot-starter-logging-2.6.7.jar;D:\ProgramFiles\soft\apache-maven-3.9.0\maven-repository\ch\qos\logback\logback-classic\1.2.11\logback-classic-1.2.11.jar;D:\ProgramFiles\soft\apache-maven-3.9.0\maven-repository\ch\qos\logback\logback-core\1.2.11\logback-core-1.2.11.jar;D:\ProgramFiles\soft\apache-maven-3.9.0\maven-repository\org\apache\logging\log4j\log4j-to-slf4j\2.17.2\log4j-to-slf4j-2.17.2.jar;D:\ProgramFiles\soft\apache-maven-3.9.0\maven-repository\org\apache\logging\log4j\log4j-api\2.17.2\log4j-api-2.17.2.jar;D:\ProgramFiles\soft\apache-maven-3.9.0\maven-repository\org\slf4j\jul-to-slf4j\1.7.36\jul-to-slf4j-1.7.36.jar;D:\ProgramFiles\soft\apache-maven-3.9.0\maven-repository\jakarta\annotation\jakarta.annotation-api\1.3.5\jakarta.annotation-api-1.3.5.jar;D:\ProgramFiles\soft\apache-maven-3.9.0\maven-repository\org\yaml\snakeyaml\1.29\snakeyaml-1.29.jar;D:\ProgramFiles\soft\apache-maven-3.9.0\maven-repository\org\springframework\boot\spring-boot-starter-json\2.6.7\spring-boot-starter-json-2.6.7.jar;D:\ProgramFiles\soft\apache-maven-3.9.0\maven-repository\com\fasterxml\jackson\core\jackson-databind\2.13.2.1\jackson-databind-2.13.2.1.jar;D:\ProgramFiles\soft\apache-maven-3.9.0\maven-repository\com\fasterxml\jackson\core\jackson-annotations\2.13.2\jackson-annotations-2.13.2.jar;D:\ProgramFiles\soft\apache-maven-3.9.0\maven-repository\com\fasterxml\jackson\core\jackson-core\2.13.2\jackson-core-2.13.2.jar;D:\ProgramFiles\soft\apache-maven-3.9.0\maven-repository\com\fasterxml\jackson\datatype\jackson-datatype-jdk8\2.13.2\jackson-datatype-jdk8-2.13.2.jar;D:\ProgramFiles\soft\apache-maven-3.9.0\maven-repository\com\fasterxml\jackson\datatype\jackson-datatype-jsr310\2.13.2\jackson-datatype-jsr310-2.13.2.jar;D:\ProgramFiles\soft\apache-maven-3.9.0\maven-repository\com\fasterxml\jackson\module\jackson-module-parameter-names\2.13.2\jackson-module-parameter-names-2.13.2.jar;D:\ProgramFiles\soft\apache-maven-3.9.0\maven-repository\org\springframework\boot\spring-boot-starter-tomcat\2.6.7\spring-boot-starter-tomcat-2.6.7.jar;D:\ProgramFiles\soft\apache-maven-3.9.0\maven-repository\org\apache\tomcat\embed\tomcat-embed-core\9.0.62\tomcat-embed-core-9.0.62.jar;D:\ProgramFiles\soft\apache-maven-3.9.0\maven-repository\org\apache\tomcat\embed\tomcat-embed-el\9.0.62\tomcat-embed-el-9.0.62.jar;D:\ProgramFiles\soft\apache-maven-3.9.0\maven-repository\org\apache\tomcat\embed\tomcat-embed-websocket\9.0.62\tomcat-embed-websocket-9.0.62.jar;D:\ProgramFiles\soft\apache-maven-3.9.0\maven-repository\org\springframework\spring-web\5.3.19\spring-web-5.3.19.jar;D:\ProgramFiles\soft\apache-maven-3.9.0\maven-repository\org\springframework\spring-beans\5.3.19\spring-beans-5.3.19.jar;D:\ProgramFiles\soft\apache-maven-3.9.0\maven-repository\org\springframework\spring-webmvc\5.3.19\spring-webmvc-5.3.19.jar;D:\ProgramFiles\soft\apache-maven-3.9.0\maven-repository\org\springframework\spring-aop\5.3.19\spring-aop-5.3.19.jar;D:\ProgramFiles\soft\apache-maven-3.9.0\maven-repository\org\springframework\spring-context\5.3.19\spring-context-5.3.19.jar;D:\ProgramFiles\soft\apache-maven-3.9.0\maven-repository\org\springframework\spring-expression\5.3.19\spring-expression-5.3.19.jar;D:\ProgramFiles\soft\apache-maven-3.9.0\maven-repository\mysql\mysql-connector-java\5.1.44\mysql-connector-java-5.1.44.jar;D:\ProgramFiles\soft\apache-maven-3.9.0\maven-repository\org\projectlombok\lombok\1.18.24\lombok-1.18.24.jar;D:\ProgramFiles\soft\apache-maven-3.9.0\maven-repository\org\springframework\boot\spring-boot-starter-test\2.6.7\spring-boot-starter-test-2.6.7.jar;D:\ProgramFiles\soft\apache-maven-3.9.0\maven-repository\org\springframework\boot\spring-boot-test\2.6.7\spring-boot-test-2.6.7.jar;D:\ProgramFiles\soft\apache-maven-3.9.0\maven-repository\org\springframework\boot\spring-boot-test-autoconfigure\2.6.7\spring-boot-test-autoconfigure-2.6.7.jar;D:\ProgramFiles\soft\apache-maven-3.9.0\maven-repository\com\jayway\jsonpath\json-path\2.6.0\json-path-2.6.0.jar;D:\ProgramFiles\soft\apache-maven-3.9.0\maven-repository\net\minidev\json-smart\2.4.8\json-smart-2.4.8.jar;D:\ProgramFiles\soft\apache-maven-3.9.0\maven-repository\net\minidev\accessors-smart\2.4.8\accessors-smart-2.4.8.jar;D:\ProgramFiles\soft\apache-maven-3.9.0\maven-repository\org\ow2\asm\asm\9.1\asm-9.1.jar;D:\ProgramFiles\soft\apache-maven-3.9.0\maven-repository\org\slf4j\slf4j-api\1.7.36\slf4j-api-1.7.36.jar;D:\ProgramFiles\soft\apache-maven-3.9.0\maven-repository\jakarta\xml\bind\jakarta.xml.bind-api\2.3.3\jakarta.xml.bind-api-2.3.3.jar;D:\ProgramFiles\soft\apache-maven-3.9.0\maven-repository\jakarta\activation\jakarta.activation-api\1.2.2\jakarta.activation-api-1.2.2.jar;D:\ProgramFiles\soft\apache-maven-3.9.0\maven-repository\org\assertj\assertj-core\3.21.0\assertj-core-3.21.0.jar;D:\ProgramFiles\soft\apache-maven-3.9.0\maven-repository\org\hamcrest\hamcrest\2.2\hamcrest-2.2.jar;D:\ProgramFiles\soft\apache-maven-3.9.0\maven-repository\org\junit\jupiter\junit-jupiter\5.8.2\junit-jupiter-5.8.2.jar;D:\ProgramFiles\soft\apache-maven-3.9.0\maven-repository\org\junit\jupiter\junit-jupiter-api\5.8.2\junit-jupiter-api-5.8.2.jar;D:\ProgramFiles\soft\apache-maven-3.9.0\maven-repository\org\opentest4j\opentest4j\1.2.0\opentest4j-1.2.0.jar;D:\ProgramFiles\soft\apache-maven-3.9.0\maven-repository\org\junit\platform\junit-platform-commons\1.8.2\junit-platform-commons-1.8.2.jar;D:\ProgramFiles\soft\apache-maven-3.9.0\maven-repository\org\apiguardian\apiguardian-api\1.1.2\apiguardian-api-1.1.2.jar;D:\ProgramFiles\soft\apache-maven-3.9.0\maven-repository\org\junit\jupiter\junit-jupiter-params\5.8.2\junit-jupiter-params-5.8.2.jar;D:\ProgramFiles\soft\apache-maven-3.9.0\maven-repository\org\junit\jupiter\junit-jupiter-engine\5.8.2\junit-jupiter-engine-5.8.2.jar;D:\ProgramFiles\soft\apache-maven-3.9.0\maven-repository\org\junit\platform\junit-platform-engine\1.8.2\junit-platform-engine-1.8.2.jar;D:\ProgramFiles\soft\apache-maven-3.9.0\maven-repository\org\mockito\mockito-core\4.0.0\mockito-core-4.0.0.jar;D:\ProgramFiles\soft\apache-maven-3.9.0\maven-repository\net\bytebuddy\byte-buddy\1.11.22\byte-buddy-1.11.22.jar;D:\ProgramFiles\soft\apache-maven-3.9.0\maven-repository\net\bytebuddy\byte-buddy-agent\1.11.22\byte-buddy-agent-1.11.22.jar;D:\ProgramFiles\soft\apache-maven-3.9.0\maven-repository\org\objenesis\objenesis\3.2\objenesis-3.2.jar;D:\ProgramFiles\soft\apache-maven-3.9.0\maven-repository\org\mockito\mockito-junit-jupiter\4.0.0\mockito-junit-jupiter-4.0.0.jar;D:\ProgramFiles\soft\apache-maven-3.9.0\maven-repository\org\skyscreamer\jsonassert\1.5.0\jsonassert-1.5.0.jar;D:\ProgramFiles\soft\apache-maven-3.9.0\maven-repository\com\vaadin\external\google\android-json\0.0.20131108.vaadin1\android-json-0.0.20131108.vaadin1.jar;D:\ProgramFiles\soft\apache-maven-3.9.0\maven-repository\org\springframework\spring-core\5.3.19\spring-core-5.3.19.jar;D:\ProgramFiles\soft\apache-maven-3.9.0\maven-repository\org\springframework\spring-jcl\5.3.19\spring-jcl-5.3.19.jar;D:\ProgramFiles\soft\apache-maven-3.9.0\maven-repository\org\springframework\spring-test\5.3.19\spring-test-5.3.19.jar;D:\ProgramFiles\soft\apache-maven-3.9.0\maven-repository\org\xmlunit\xmlunit-core\2.8.4\xmlunit-core-2.8.4.jar;D:\ProgramFiles\soft\apache-maven-3.9.0\maven-repository\com\baomidou\mybatis-plus-boot-starter\3.4.1\mybatis-plus-boot-starter-3.4.1.jar;D:\ProgramFiles\soft\apache-maven-3.9.0\maven-repository\com\baomidou\mybatis-plus\3.4.1\mybatis-plus-3.4.1.jar;D:\ProgramFiles\soft\apache-maven-3.9.0\maven-repository\org\springframework\boot\spring-boot-autoconfigure\2.6.7\spring-boot-autoconfigure-2.6.7.jar;D:\ProgramFiles\soft\apache-maven-3.9.0\maven-repository\org\springframework\boot\spring-boot-starter-jdbc\2.6.7\spring-boot-starter-jdbc-2.6.7.jar;D:\ProgramFiles\soft\apache-maven-3.9.0\maven-repository\com\zaxxer\HikariCP\4.0.3\HikariCP-4.0.3.jar;D:\ProgramFiles\soft\apache-maven-3.9.0\maven-repository\org\springframework\spring-jdbc\5.3.19\spring-jdbc-5.3.19.jar;D:\ProgramFiles\soft\apache-maven-3.9.0\maven-repository\org\springframework\spring-tx\5.3.19\spring-tx-5.3.19.jar;D:\ProgramFiles\soft\apache-maven-3.9.0\maven-repository\com\baomidou\mybatis-plus-generator\3.4.1\mybatis-plus-generator-3.4.1.jar;D:\ProgramFiles\soft\apache-maven-3.9.0\maven-repository\com\baomidou\mybatis-plus-extension\3.4.1\mybatis-plus-extension-3.4.1.jar;D:\ProgramFiles\soft\apache-maven-3.9.0\maven-repository\com\baomidou\mybatis-plus-core\3.4.1\mybatis-plus-core-3.4.1.jar;D:\ProgramFiles\soft\apache-maven-3.9.0\maven-repository\com\baomidou\mybatis-plus-annotation\3.4.1\mybatis-plus-annotation-3.4.1.jar;D:\ProgramFiles\soft\apache-maven-3.9.0\maven-repository\com\github\jsqlparser\jsqlparser\3.2\jsqlparser-3.2.jar;D:\ProgramFiles\soft\apache-maven-3.9.0\maven-repository\org\mybatis\mybatis\3.5.6\mybatis-3.5.6.jar;D:\ProgramFiles\soft\apache-maven-3.9.0\maven-repository\org\mybatis\mybatis-spring\2.0.5\mybatis-spring-2.0.5.jar;D:\ProgramFiles\soft\apache-maven-3.9.0\maven-repository\org\freemarker\freemarker\2.3.30\freemarker-2.3.30.jar;D:\ProgramFiles\soft\apache-maven-3.9.0\maven-repository\com\spring4all\spring-boot-starter-swagger\1.5.1.RELEASE\spring-boot-starter-swagger-1.5.1.RELEASE.jar;D:\ProgramFiles\soft\apache-maven-3.9.0\maven-repository\io\springfox\springfox-swagger-ui\2.7.0\springfox-swagger-ui-2.7.0.jar;D:\ProgramFiles\soft\apache-maven-3.9.0\maven-repository\io\springfox\springfox-spring-web\2.7.0\springfox-spring-web-2.7.0.jar;D:\ProgramFiles\soft\apache-maven-3.9.0\maven-repository\org\reflections\reflections\0.9.11\reflections-0.9.11.jar;D:\ProgramFiles\soft\apache-maven-3.9.0\maven-repository\org\javassist\javassist\3.21.0-GA\javassist-3.21.0-GA.jar;D:\ProgramFiles\soft\apache-maven-3.9.0\maven-repository\io\springfox\springfox-swagger2\2.7.0\springfox-swagger2-2.7.0.jar;D:\ProgramFiles\soft\apache-maven-3.9.0\maven-repository\io\swagger\swagger-annotations\1.5.13\swagger-annotations-1.5.13.jar;D:\ProgramFiles\soft\apache-maven-3.9.0\maven-repository\io\swagger\swagger-models\1.5.13\swagger-models-1.5.13.jar;D:\ProgramFiles\soft\apache-maven-3.9.0\maven-repository\io\springfox\springfox-spi\2.7.0\springfox-spi-2.7.0.jar;D:\ProgramFiles\soft\apache-maven-3.9.0\maven-repository\io\springfox\springfox-core\2.7.0\springfox-core-2.7.0.jar;D:\ProgramFiles\soft\apache-maven-3.9.0\maven-repository\io\springfox\springfox-schema\2.7.0\springfox-schema-2.7.0.jar;D:\ProgramFiles\soft\apache-maven-3.9.0\maven-repository\io\springfox\springfox-swagger-common\2.7.0\springfox-swagger-common-2.7.0.jar;D:\ProgramFiles\soft\apache-maven-3.9.0\maven-repository\com\google\guava\guava\18.0\guava-18.0.jar;D:\ProgramFiles\soft\apache-maven-3.9.0\maven-repository\com\fasterxml\classmate\1.5.1\classmate-1.5.1.jar;D:\ProgramFiles\soft\apache-maven-3.9.0\maven-repository\org\springframework\plugin\spring-plugin-core\1.2.0.RELEASE\spring-plugin-core-1.2.0.RELEASE.jar;D:\ProgramFiles\soft\apache-maven-3.9.0\maven-repository\org\springframework\plugin\spring-plugin-metadata\1.2.0.RELEASE\spring-plugin-metadata-1.2.0.RELEASE.jar;D:\ProgramFiles\soft\apache-maven-3.9.0\maven-repository\org\mapstruct\mapstruct\1.1.0.Final\mapstruct-1.1.0.Final.jar;D:\ProgramFiles\soft\apache-maven-3.9.0\maven-repository\io\springfox\springfox-bean-validators\2.7.0\springfox-bean-validators-2.7.0.jar;"/>
    <property name="java.vm.vendor" value="Oracle Corporation"/>
    <property name="sun.arch.data.model" value="64"/>
    <property name="user.variant" value=""/>
    <property name="java.vendor.url" value="http://java.oracle.com/"/>
    <property name="user.timezone" value="Asia/Shanghai"/>
    <property name="java.vm.specification.version" value="1.8"/>
    <property name="os.name" value="Windows 10"/>
    <property name="user.country" value="CN"/>
    <property name="sun.java.launcher" value="SUN_STANDARD"/>
    <property name="sun.boot.library.path" value="D:\ProgramFiles\soft\jdk1.8.0 161\jre\bin"/>
    <property name="sun.java.command" value="C:\Users\ADMINI~1\AppData\Local\Temp\surefire2256689239726620311\surefirebooter2549267063166120794.jar C:\Users\Administrator\AppData\Local\Temp\surefire2256689239726620311 2023-04-09T18-57-50_468-jvmRun1 surefire7935358320306910049tmp surefire_02226814974264802181tmp"/>
    <property name="surefire.test.class.path" value="E:\Google\wms\wms-sb\target\test-classes;E:\Google\wms\wms-sb\target\classes;D:\ProgramFiles\soft\apache-maven-3.9.0\maven-repository\org\springframework\boot\spring-boot-starter-web\2.6.7\spring-boot-starter-web-2.6.7.jar;D:\ProgramFiles\soft\apache-maven-3.9.0\maven-repository\org\springframework\boot\spring-boot-starter\2.6.7\spring-boot-starter-2.6.7.jar;D:\ProgramFiles\soft\apache-maven-3.9.0\maven-repository\org\springframework\boot\spring-boot\2.6.7\spring-boot-2.6.7.jar;D:\ProgramFiles\soft\apache-maven-3.9.0\maven-repository\org\springframework\boot\spring-boot-starter-logging\2.6.7\spring-boot-starter-logging-2.6.7.jar;D:\ProgramFiles\soft\apache-maven-3.9.0\maven-repository\ch\qos\logback\logback-classic\1.2.11\logback-classic-1.2.11.jar;D:\ProgramFiles\soft\apache-maven-3.9.0\maven-repository\ch\qos\logback\logback-core\1.2.11\logback-core-1.2.11.jar;D:\ProgramFiles\soft\apache-maven-3.9.0\maven-repository\org\apache\logging\log4j\log4j-to-slf4j\2.17.2\log4j-to-slf4j-2.17.2.jar;D:\ProgramFiles\soft\apache-maven-3.9.0\maven-repository\org\apache\logging\log4j\log4j-api\2.17.2\log4j-api-2.17.2.jar;D:\ProgramFiles\soft\apache-maven-3.9.0\maven-repository\org\slf4j\jul-to-slf4j\1.7.36\jul-to-slf4j-1.7.36.jar;D:\ProgramFiles\soft\apache-maven-3.9.0\maven-repository\jakarta\annotation\jakarta.annotation-api\1.3.5\jakarta.annotation-api-1.3.5.jar;D:\ProgramFiles\soft\apache-maven-3.9.0\maven-repository\org\yaml\snakeyaml\1.29\snakeyaml-1.29.jar;D:\ProgramFiles\soft\apache-maven-3.9.0\maven-repository\org\springframework\boot\spring-boot-starter-json\2.6.7\spring-boot-starter-json-2.6.7.jar;D:\ProgramFiles\soft\apache-maven-3.9.0\maven-repository\com\fasterxml\jackson\core\jackson-databind\2.13.2.1\jackson-databind-2.13.2.1.jar;D:\ProgramFiles\soft\apache-maven-3.9.0\maven-repository\com\fasterxml\jackson\core\jackson-annotations\2.13.2\jackson-annotations-2.13.2.jar;D:\ProgramFiles\soft\apache-maven-3.9.0\maven-repository\com\fasterxml\jackson\core\jackson-core\2.13.2\jackson-core-2.13.2.jar;D:\ProgramFiles\soft\apache-maven-3.9.0\maven-repository\com\fasterxml\jackson\datatype\jackson-datatype-jdk8\2.13.2\jackson-datatype-jdk8-2.13.2.jar;D:\ProgramFiles\soft\apache-maven-3.9.0\maven-repository\com\fasterxml\jackson\datatype\jackson-datatype-jsr310\2.13.2\jackson-datatype-jsr310-2.13.2.jar;D:\ProgramFiles\soft\apache-maven-3.9.0\maven-repository\com\fasterxml\jackson\module\jackson-module-parameter-names\2.13.2\jackson-module-parameter-names-2.13.2.jar;D:\ProgramFiles\soft\apache-maven-3.9.0\maven-repository\org\springframework\boot\spring-boot-starter-tomcat\2.6.7\spring-boot-starter-tomcat-2.6.7.jar;D:\ProgramFiles\soft\apache-maven-3.9.0\maven-repository\org\apache\tomcat\embed\tomcat-embed-core\9.0.62\tomcat-embed-core-9.0.62.jar;D:\ProgramFiles\soft\apache-maven-3.9.0\maven-repository\org\apache\tomcat\embed\tomcat-embed-el\9.0.62\tomcat-embed-el-9.0.62.jar;D:\ProgramFiles\soft\apache-maven-3.9.0\maven-repository\org\apache\tomcat\embed\tomcat-embed-websocket\9.0.62\tomcat-embed-websocket-9.0.62.jar;D:\ProgramFiles\soft\apache-maven-3.9.0\maven-repository\org\springframework\spring-web\5.3.19\spring-web-5.3.19.jar;D:\ProgramFiles\soft\apache-maven-3.9.0\maven-repository\org\springframework\spring-beans\5.3.19\spring-beans-5.3.19.jar;D:\ProgramFiles\soft\apache-maven-3.9.0\maven-repository\org\springframework\spring-webmvc\5.3.19\spring-webmvc-5.3.19.jar;D:\ProgramFiles\soft\apache-maven-3.9.0\maven-repository\org\springframework\spring-aop\5.3.19\spring-aop-5.3.19.jar;D:\ProgramFiles\soft\apache-maven-3.9.0\maven-repository\org\springframework\spring-context\5.3.19\spring-context-5.3.19.jar;D:\ProgramFiles\soft\apache-maven-3.9.0\maven-repository\org\springframework\spring-expression\5.3.19\spring-expression-5.3.19.jar;D:\ProgramFiles\soft\apache-maven-3.9.0\maven-repository\mysql\mysql-connector-java\5.1.44\mysql-connector-java-5.1.44.jar;D:\ProgramFiles\soft\apache-maven-3.9.0\maven-repository\org\projectlombok\lombok\1.18.24\lombok-1.18.24.jar;D:\ProgramFiles\soft\apache-maven-3.9.0\maven-repository\org\springframework\boot\spring-boot-starter-test\2.6.7\spring-boot-starter-test-2.6.7.jar;D:\ProgramFiles\soft\apache-maven-3.9.0\maven-repository\org\springframework\boot\spring-boot-test\2.6.7\spring-boot-test-2.6.7.jar;D:\ProgramFiles\soft\apache-maven-3.9.0\maven-repository\org\springframework\boot\spring-boot-test-autoconfigure\2.6.7\spring-boot-test-autoconfigure-2.6.7.jar;D:\ProgramFiles\soft\apache-maven-3.9.0\maven-repository\com\jayway\jsonpath\json-path\2.6.0\json-path-2.6.0.jar;D:\ProgramFiles\soft\apache-maven-3.9.0\maven-repository\net\minidev\json-smart\2.4.8\json-smart-2.4.8.jar;D:\ProgramFiles\soft\apache-maven-3.9.0\maven-repository\net\minidev\accessors-smart\2.4.8\accessors-smart-2.4.8.jar;D:\ProgramFiles\soft\apache-maven-3.9.0\maven-repository\org\ow2\asm\asm\9.1\asm-9.1.jar;D:\ProgramFiles\soft\apache-maven-3.9.0\maven-repository\org\slf4j\slf4j-api\1.7.36\slf4j-api-1.7.36.jar;D:\ProgramFiles\soft\apache-maven-3.9.0\maven-repository\jakarta\xml\bind\jakarta.xml.bind-api\2.3.3\jakarta.xml.bind-api-2.3.3.jar;D:\ProgramFiles\soft\apache-maven-3.9.0\maven-repository\jakarta\activation\jakarta.activation-api\1.2.2\jakarta.activation-api-1.2.2.jar;D:\ProgramFiles\soft\apache-maven-3.9.0\maven-repository\org\assertj\assertj-core\3.21.0\assertj-core-3.21.0.jar;D:\ProgramFiles\soft\apache-maven-3.9.0\maven-repository\org\hamcrest\hamcrest\2.2\hamcrest-2.2.jar;D:\ProgramFiles\soft\apache-maven-3.9.0\maven-repository\org\junit\jupiter\junit-jupiter\5.8.2\junit-jupiter-5.8.2.jar;D:\ProgramFiles\soft\apache-maven-3.9.0\maven-repository\org\junit\jupiter\junit-jupiter-api\5.8.2\junit-jupiter-api-5.8.2.jar;D:\ProgramFiles\soft\apache-maven-3.9.0\maven-repository\org\opentest4j\opentest4j\1.2.0\opentest4j-1.2.0.jar;D:\ProgramFiles\soft\apache-maven-3.9.0\maven-repository\org\junit\platform\junit-platform-commons\1.8.2\junit-platform-commons-1.8.2.jar;D:\ProgramFiles\soft\apache-maven-3.9.0\maven-repository\org\apiguardian\apiguardian-api\1.1.2\apiguardian-api-1.1.2.jar;D:\ProgramFiles\soft\apache-maven-3.9.0\maven-repository\org\junit\jupiter\junit-jupiter-params\5.8.2\junit-jupiter-params-5.8.2.jar;D:\ProgramFiles\soft\apache-maven-3.9.0\maven-repository\org\junit\jupiter\junit-jupiter-engine\5.8.2\junit-jupiter-engine-5.8.2.jar;D:\ProgramFiles\soft\apache-maven-3.9.0\maven-repository\org\junit\platform\junit-platform-engine\1.8.2\junit-platform-engine-1.8.2.jar;D:\ProgramFiles\soft\apache-maven-3.9.0\maven-repository\org\mockito\mockito-core\4.0.0\mockito-core-4.0.0.jar;D:\ProgramFiles\soft\apache-maven-3.9.0\maven-repository\net\bytebuddy\byte-buddy\1.11.22\byte-buddy-1.11.22.jar;D:\ProgramFiles\soft\apache-maven-3.9.0\maven-repository\net\bytebuddy\byte-buddy-agent\1.11.22\byte-buddy-agent-1.11.22.jar;D:\ProgramFiles\soft\apache-maven-3.9.0\maven-repository\org\objenesis\objenesis\3.2\objenesis-3.2.jar;D:\ProgramFiles\soft\apache-maven-3.9.0\maven-repository\org\mockito\mockito-junit-jupiter\4.0.0\mockito-junit-jupiter-4.0.0.jar;D:\ProgramFiles\soft\apache-maven-3.9.0\maven-repository\org\skyscreamer\jsonassert\1.5.0\jsonassert-1.5.0.jar;D:\ProgramFiles\soft\apache-maven-3.9.0\maven-repository\com\vaadin\external\google\android-json\0.0.20131108.vaadin1\android-json-0.0.20131108.vaadin1.jar;D:\ProgramFiles\soft\apache-maven-3.9.0\maven-repository\org\springframework\spring-core\5.3.19\spring-core-5.3.19.jar;D:\ProgramFiles\soft\apache-maven-3.9.0\maven-repository\org\springframework\spring-jcl\5.3.19\spring-jcl-5.3.19.jar;D:\ProgramFiles\soft\apache-maven-3.9.0\maven-repository\org\springframework\spring-test\5.3.19\spring-test-5.3.19.jar;D:\ProgramFiles\soft\apache-maven-3.9.0\maven-repository\org\xmlunit\xmlunit-core\2.8.4\xmlunit-core-2.8.4.jar;D:\ProgramFiles\soft\apache-maven-3.9.0\maven-repository\com\baomidou\mybatis-plus-boot-starter\3.4.1\mybatis-plus-boot-starter-3.4.1.jar;D:\ProgramFiles\soft\apache-maven-3.9.0\maven-repository\com\baomidou\mybatis-plus\3.4.1\mybatis-plus-3.4.1.jar;D:\ProgramFiles\soft\apache-maven-3.9.0\maven-repository\org\springframework\boot\spring-boot-autoconfigure\2.6.7\spring-boot-autoconfigure-2.6.7.jar;D:\ProgramFiles\soft\apache-maven-3.9.0\maven-repository\org\springframework\boot\spring-boot-starter-jdbc\2.6.7\spring-boot-starter-jdbc-2.6.7.jar;D:\ProgramFiles\soft\apache-maven-3.9.0\maven-repository\com\zaxxer\HikariCP\4.0.3\HikariCP-4.0.3.jar;D:\ProgramFiles\soft\apache-maven-3.9.0\maven-repository\org\springframework\spring-jdbc\5.3.19\spring-jdbc-5.3.19.jar;D:\ProgramFiles\soft\apache-maven-3.9.0\maven-repository\org\springframework\spring-tx\5.3.19\spring-tx-5.3.19.jar;D:\ProgramFiles\soft\apache-maven-3.9.0\maven-repository\com\baomidou\mybatis-plus-generator\3.4.1\mybatis-plus-generator-3.4.1.jar;D:\ProgramFiles\soft\apache-maven-3.9.0\maven-repository\com\baomidou\mybatis-plus-extension\3.4.1\mybatis-plus-extension-3.4.1.jar;D:\ProgramFiles\soft\apache-maven-3.9.0\maven-repository\com\baomidou\mybatis-plus-core\3.4.1\mybatis-plus-core-3.4.1.jar;D:\ProgramFiles\soft\apache-maven-3.9.0\maven-repository\com\baomidou\mybatis-plus-annotation\3.4.1\mybatis-plus-annotation-3.4.1.jar;D:\ProgramFiles\soft\apache-maven-3.9.0\maven-repository\com\github\jsqlparser\jsqlparser\3.2\jsqlparser-3.2.jar;D:\ProgramFiles\soft\apache-maven-3.9.0\maven-repository\org\mybatis\mybatis\3.5.6\mybatis-3.5.6.jar;D:\ProgramFiles\soft\apache-maven-3.9.0\maven-repository\org\mybatis\mybatis-spring\2.0.5\mybatis-spring-2.0.5.jar;D:\ProgramFiles\soft\apache-maven-3.9.0\maven-repository\org\freemarker\freemarker\2.3.30\freemarker-2.3.30.jar;D:\ProgramFiles\soft\apache-maven-3.9.0\maven-repository\com\spring4all\spring-boot-starter-swagger\1.5.1.RELEASE\spring-boot-starter-swagger-1.5.1.RELEASE.jar;D:\ProgramFiles\soft\apache-maven-3.9.0\maven-repository\io\springfox\springfox-swagger-ui\2.7.0\springfox-swagger-ui-2.7.0.jar;D:\ProgramFiles\soft\apache-maven-3.9.0\maven-repository\io\springfox\springfox-spring-web\2.7.0\springfox-spring-web-2.7.0.jar;D:\ProgramFiles\soft\apache-maven-3.9.0\maven-repository\org\reflections\reflections\0.9.11\reflections-0.9.11.jar;D:\ProgramFiles\soft\apache-maven-3.9.0\maven-repository\org\javassist\javassist\3.21.0-GA\javassist-3.21.0-GA.jar;D:\ProgramFiles\soft\apache-maven-3.9.0\maven-repository\io\springfox\springfox-swagger2\2.7.0\springfox-swagger2-2.7.0.jar;D:\ProgramFiles\soft\apache-maven-3.9.0\maven-repository\io\swagger\swagger-annotations\1.5.13\swagger-annotations-1.5.13.jar;D:\ProgramFiles\soft\apache-maven-3.9.0\maven-repository\io\swagger\swagger-models\1.5.13\swagger-models-1.5.13.jar;D:\ProgramFiles\soft\apache-maven-3.9.0\maven-repository\io\springfox\springfox-spi\2.7.0\springfox-spi-2.7.0.jar;D:\ProgramFiles\soft\apache-maven-3.9.0\maven-repository\io\springfox\springfox-core\2.7.0\springfox-core-2.7.0.jar;D:\ProgramFiles\soft\apache-maven-3.9.0\maven-repository\io\springfox\springfox-schema\2.7.0\springfox-schema-2.7.0.jar;D:\ProgramFiles\soft\apache-maven-3.9.0\maven-repository\io\springfox\springfox-swagger-common\2.7.0\springfox-swagger-common-2.7.0.jar;D:\ProgramFiles\soft\apache-maven-3.9.0\maven-repository\com\google\guava\guava\18.0\guava-18.0.jar;D:\ProgramFiles\soft\apache-maven-3.9.0\maven-repository\com\fasterxml\classmate\1.5.1\classmate-1.5.1.jar;D:\ProgramFiles\soft\apache-maven-3.9.0\maven-repository\org\springframework\plugin\spring-plugin-core\1.2.0.RELEASE\spring-plugin-core-1.2.0.RELEASE.jar;D:\ProgramFiles\soft\apache-maven-3.9.0\maven-repository\org\springframework\plugin\spring-plugin-metadata\1.2.0.RELEASE\spring-plugin-metadata-1.2.0.RELEASE.jar;D:\ProgramFiles\soft\apache-maven-3.9.0\maven-repository\org\mapstruct\mapstruct\1.1.0.Final\mapstruct-1.1.0.Final.jar;D:\ProgramFiles\soft\apache-maven-3.9.0\maven-repository\io\springfox\springfox-bean-validators\2.7.0\springfox-bean-validators-2.7.0.jar;"/>
    <property name="sun.cpu.endian" value="little"/>
    <property name="user.home" value="C:\Users\Administrator"/>
    <property name="user.language" value="zh"/>
    <property name="java.specification.vendor" value="Oracle Corporation"/>
    <property name="java.home" value="D:\ProgramFiles\soft\jdk1.8.0 161\jre"/>
    <property name="basedir" value="E:\Google\wms\wms-sb"/>
    <property name="file.separator" value="\"/>
    <property name="line.separator" value="&#10;"/>
    <property name="java.vm.specification.vendor" value="Oracle Corporation"/>
    <property name="java.specification.name" value="Java Platform API Specification"/>
    <property name="java.awt.graphicsenv" value="sun.awt.Win32GraphicsEnvironment"/>
    <property name="surefire.real.class.path" value="C:\Users\ADMINI~1\AppData\Local\Temp\surefire2256689239726620311\surefirebooter2549267063166120794.jar"/>
    <property name="sun.boot.class.path" value="D:\ProgramFiles\soft\jdk1.8.0 161\jre\lib\resources.jar;D:\ProgramFiles\soft\jdk1.8.0 161\jre\lib\rt.jar;D:\ProgramFiles\soft\jdk1.8.0 161\jre\lib\sunrsasign.jar;D:\ProgramFiles\soft\jdk1.8.0 161\jre\lib\jsse.jar;D:\ProgramFiles\soft\jdk1.8.0 161\jre\lib\jce.jar;D:\ProgramFiles\soft\jdk1.8.0 161\jre\lib\charsets.jar;D:\ProgramFiles\soft\jdk1.8.0 161\jre\lib\jfr.jar;D:\ProgramFiles\soft\jdk1.8.0 161\jre\classes"/>
    <property name="user.script" value=""/>
    <property name="sun.management.compiler" value="HotSpot 64-Bit Tiered Compilers"/>
    <property name="java.runtime.version" value="1.8.0_161-b12"/>
    <property name="user.name" value="Administrator"/>
    <property name="path.separator" value=";"/>
    <property name="os.version" value="10.0"/>
    <property name="java.endorsed.dirs" value="D:\ProgramFiles\soft\jdk1.8.0 161\jre\lib\endorsed"/>
    <property name="java.runtime.name" value="Java(TM) SE Runtime Environment"/>
    <property name="file.encoding" value="GBK"/>
    <property name="java.vm.name" value="Java HotSpot(TM) 64-Bit Server VM"/>
    <property name="localRepository" value="D:\ProgramFiles\soft\apache-maven-3.9.0\maven-repository"/>
    <property name="java.vendor.url.bug" value="http://bugreport.sun.com/bugreport/"/>
    <property name="java.io.tmpdir" value="C:\Users\ADMINI~1\AppData\Local\Temp\"/>
    <property name="java.version" value="1.8.0_161"/>
    <property name="user.dir" value="E:\Google\wms\wms-sb"/>
    <property name="os.arch" value="amd64"/>
    <property name="java.vm.specification.name" value="Java Virtual Machine Specification"/>
    <property name="java.awt.printerjob" value="sun.awt.windows.WPrinterJob"/>
    <property name="sun.os.patch.level" value=""/>
    <property name="java.library.path" value="D:\ProgramFiles\soft\jdk1.8.0 161\jre\bin;C:\WINDOWS\Sun\Java\bin;C:\WINDOWS\system32;C:\WINDOWS;E:\app\Administrator\product\11.2.0\dbhome_2\bin;C:\WINDOWS\system32;C:\WINDOWS;C:\WINDOWS\System32\Wbem;C:\WINDOWS\System32\WindowsPowerShell\v1.0\;C:\WINDOWS\System32\OpenSSH\;D:\ProgramFiles\soft\jdk1.8.0 161\bin;D:\ProgramFiles\Git\cmd;D:\ProgramFiles\soft\mysql-5.5.27\bin;D:\ProgramFiles\TortoiseSVN\bin;D:\ProgramFiles\soft\MicrosoftSQLServer\120\DTS\Binn\;D:\ProgramFiles\soft\MicrosoftSQLServer\Client SDK\ODBC\110\Tools\Binn\;D:\program files (x86)\MicrosoftSQLServer\120\Tools\Binn\;D:\ProgramFiles\soft\MicrosoftSQLServer\120\Tools\Binn\;D:\program files (x86)\MicrosoftSQLServer\120\Tools\Binn\ManagementStudio\;D:\program files (x86)\MicrosoftSQLServer\120\DTS\Binn\;D:\ProgramFiles\soft\apache-maven-3.9.0\apache-maven-3.9.0\bin;D:\ProgramFiles\soft\Redis-7.0.5;% NODE_PATH%;%NVM_HOME%;%NVM_SYMLINK%;C:\Users\Administrator\AppData\Local\Microsoft\WindowsApps;D:\ProgramFiles\Microsoft VS Code\bin;D:\ProgramFiles\IntelliJ IDEA Community Edition 2019.3.2\bin;E:\ProgramFiles\miniconda3;E:\ProgramFiles\miniconda3\Scripts;E:\ProgramFiles\miniconda3\Library\bin;D:\ProgramFiles\soft\apache-tomcat-9.0.71\bin;D:\ProgramFiles\soft\nvm\nvm;D:\ProgramFiles\soft\nvm\nodejs;."/>
    <property name="java.vm.info" value="mixed mode"/>
    <property name="java.vendor" value="Oracle Corporation"/>
    <property name="java.vm.version" value="25.161-b12"/>
    <property name="java.ext.dirs" value="D:\ProgramFiles\soft\jdk1.8.0 161\jre\lib\ext;C:\WINDOWS\Sun\Java\lib\ext"/>
    <property name="sun.io.unicode.encoding" value="UnicodeLittle"/>
    <property name="java.class.version" value="52.0"/>
  </properties>
  <testcase name="contextLoads" classname="com.wms.WmsApplicationTests" time="0.907"/>
</testsuite>